*	100
-152
-140
-140
-137
-108
-96
-108
-102
-64
-38
-41
-43
-17
-5
-17
-29
-17
-11
-20
-29
-26
-38
-61
-64
-46
-43
-61
-64
-43
-46
-73
-79
-52
-41
-61
-64
-43
-32
-41
-46
-26
-11
-23
-23
-5
-2
-11
-11
5
2
-11
-14
0
-2
-17
-17
0
5
-8
-17
-14
-11
-23
-29
-14
-11
-35
-32
-14
-17
-35
-35
-11
-14
-43
-43
-17
-20
-46
-61
-41
-20
-32
-41
-17
-11
-23
-35
-11
-8
-35
-52
-41
-43
-58
-58
-41
-23
-38
-41
-29
-35
-55
-49
-29
-23
-41
-46
-29
-38
-61
-61
-23
-8
-32
-43
-17
-2
0
2
26
46
32
23
26
14
-11
-17
-14
-26
-52
-67
-64
-73
-87
-87
-67
-61
-84
-84
-61
-73
-149
-219
-140
155
577
963
1016
776
404
64
-14
8
-14
-64
-102
-140
-172
-190
-178
-175
-199
-199
-175
-169
-187
-193
-181
-178
-199
-208
-181
-172
-190
-190
-169
-167
-193
-193
-169
-169
-190
-196
-178
-175
-202
-213
-190
-178
-193
-199
-184
-184
-196
-199
-172
-161
-169
-164
-137
-125
-137
-125
-96
-82
-87
-96
-67
-52
-58
-46
-29
-14
-41
-43
-29
-23
-49
-70
-46
-43
-58
-64
-46
-46
-64
-82
-67
-58
-67
-70
-67
-61
-70
-73
-49
-41
-46
-52
-29
-5
-17
-23
2
11
-2
-5
5
8
-5
-5
5
-2
-23
-29
-11
-14
-35
-41
-32
-17
-29
-23
-14
-17
-38
-35
-11
-8
-38
-46
-26
-20
-41
-55
-35
-32
-55
-64
-43
-43
-55
-58
-35
-29
-49
-61
-43
-46
-58
-61
-43
-46
-58
-58
-43
-41
-49
-46
-35
-43
-55
-55
-32
-35
-58
-64
-41
-32
-52
-58
-38
-14
-11
8
52
61
46
23
23
14
-32
-46
-32
-41
-73
-84
-67
-52
-73
-90
-73
-61
-70
-70
-58
-79
-164
-234
-137
146
565
937
987
758
413
76
-35
-29
-52
-93
-117
-140
-184
-202
-178
-167
-172
-190
-184
-175
-187
-184
-158
-158
-175
-190
-175
-175
-193
-190
-158
-146
-169
-184
-158
-149
-161
-167
-155
-152
-175
-196
-175
-178
-199
-199
-175
-175
-193
-202
-172
-158
-164
-158
-117
-96
-105
-114
-96
-73
-73
-76
-61
-43
-32
-20
8
8
-8
-14
-11
-17
-43
-58
-43
-29
-35
-43
-38
-43
-67
-73
-58
-52
-73
-93
-73
-46
-46
-46
-32
-35
-46
-52
-29
-8
-11
-17
-8
11
8
20
43
46
20
-5
2
8
-11
-29
-17
-8
-14
-14
2
2
-17
-29
-11
-2
-14
-29
-14
-14
-41
-46
-23
-20
-29
-32
-8
-5
-23
-38
-14
-11
-29
-41
-35
-32
-46
-43
-20
-17
-38
-49
-35
-20
-35
-43
-23
-17
-32
-43
-20
-11
-32
-41
-17
-17
-32
-35
-11
-8
-32
-35
-8
5
2
-2
23
49
49
41
46
38
11
-8
-2
-14
-43
-61
-46
-41
-70
-82
-61
-61
-82
-82
-64
-61
-90
-158
-205
-120
149
586
1002
1046
805
477
169
52
5
-43
-73
-114
-164
-190
-184
-181
-202
-210
-187
-172
-190
-208
-187
-169
-175
-187
-172
-164
-175
-187
-181
-184
-199
-202
-172
-158
-167
-184
-175
-184
-196
-202
-187
-184
-199
-208
-190
-190
-210
-213
-187
-167
-169
-167
-140
-131
-146
-152
-131
-120
-123
-111
-73
-61
-70
-58
-23
-8
-32
-49
-38
-23
-29
-43
-38
-38
-52
-70
-61
-58
-73
-82
-55
-41
-52
-64
-52
-46
-61
-67
-58
-58
-67
-67
-35
-14
-17
-23
-5
2
-11
-11
5
11
-8
-26
-11
-5
-17
-32
-11
-2
-14
-35
-29
-17
-29
-35
-29
-29
-43
-41
-14
2
-17
-35
-26
-17
-38
-46
-32
-20
-38
-41
-35
-38
-55
-58
-41
-35
-41
-41
-26
-23
-41
-49
-32
-29
-43
-58
-55
-46
-58
-55
-38
-43
-61
-70
-38
-26
-43
-46
-32
-20
-38
-43
-23
-11
-5
0
32
55
46
32
46
38
2
-26
-23
-35
-67
-79
-61
-49
-73
-87
-70
-61
-79
-96
-82
-93
-175
-225
-90
269
726
1028
963
700
313
46
2
8
-35
-96
-123
-143
-172
-190
-190
-175
-175
-184
-181
-181
-196
-208
-193
-184
-193
-210
-190
-175
-181
-187
-184
-184
-210
-213
-187
-178
-190
-187
-164
-164
-184
-190
-169
-164
-175
-190
-184
-184
-196
-196
-181
-164
-167
-152
-123
-108
-120
-123
-96
-82
-73
-73
-43
-14
-20
-32
-11
2
-8
-32
-29
-32
-49
-58
-43
-41
-52
-52
-41
-55
-70
-76
-67
-61
-79
-93
-70
-46
-46
-41
-29
-17
-46
-52
-23
-11
-29
-29
-11
2
-5
-8
2
8
-5
-5
5
8
-5
-17
2
2
-29
-46
-32
-11
-32
-55
-32
-8
-32
-46
-35
-20
-35
-43
-43
-38
-35
-35
-23
-20
-35
-41
-23
-29
-49
-67
-43
-17
-23
-32
-23
-32
-55
-55
-35
-32
-43
-49
-38
-38
-64
-61
-35
-29
-55
-70
-38
-11
-20
-38
-8
23
23
20
49
49
26
8
20
8
-17
-55
-58
-43
-64
-70
-61
-55
-67
-70
-55
-55
-79
-84
-82
-134
-219
-184
64
474
864
981
805
506
131
-43
-26
-11
-55
-114
-149
-167
-190
-190
-181
-175
-187
-193
-184
-181
-193
-202
-175
-158
-164
-167
-164
-169
-190
-190
-175
-155
-169
-184
-158
-125
-123
-146
-146
-146
-172
-184
-172
-178
-193
-193
-167
-152
-167
-169
-134
-123
-137
-143
-114
-102
-108
-105
-73
-49
-64
-70
-41
-14
-11
-17
-8
-8
-17
-32
-32
-35
-61
-73
-46
-32
-46
-61
-61
-61
-73
-82
-67
-64
-76
-84
-67
-58
-67
-64
-46
-35
-46
-52
-23
-11
-29
-32
-8
8
2
-5
14
32
23
2
8
23
5
-14
-5
2
-17
-23
5
17
-2
-17
-23
-14
-29
-43
-35
-20
-41
-52
-38
-23
-32
-41
-35
-29
-35
-35
-14
-8
-38
-52
-38
-29
-41
-46
-32
-23
-32
-29
-2
11
5
-11
-11
-20
-43
-55
-41
-35
-46
-49
-26
0
0
-5
26
49
41
32
32
20
-11
-23
-17
-32
-61
-76
-61
-49
-67
-79
-58
-58
-82
-90
-76
-84
-167
-222
-105
222
656
987
981
755
421
111
17
2
-35
-84
-114
-146
-187
-213
-190
-169
-172
-181
-169
-167
-184
-190
-175
-164
-175
-190
-181
-167
-169
-196
-187
-169
-169
-181
-175
-169
-187
-187
-172
-169
-190
-196
-175
-172
-196
-208
-193
-181
-190
-205
-184
-164
-164
-164
-140
-117
-114
-117
-96
-90
-96
-87
-52
-35
-32
-17
14
29
5
-29
-14
-11
-35
-49
-46
-43
-55
-73
-55
-43
-55
-70
-64
-64
-70
-79
-64
-58
-70
-73
-52
-46
-55
-55
-32
-17
-29
-38
-11
11
5
-11
2
11
-5
-11
2
8
-2
-11
5
23
2
-17
-8
-2
-29
-46
-32
-14
-14
-17
-2
5
-17
-41
-32
-23
-38
-46
-38
-23
-29
-35
-20
-14
-38
-52
-38
-29
-32
-52
-38
-17
-32
-46
-43
-35
-46
-58
-43
-35
-55
-61
-38
-17
-35
-46
-17
0
8
11
29
46
32
17
26
11
-14
-26
-20
-38
-61
-76
-61
-46
-70
-87
-67
-55
-70
-73
-61
-87
-169
-228
-108
231
679
993
978
753
436
131
32
14
-32
-87
-123
-155
-178
-187
-172
-169
-181
-193
-184
-167
-190
-210
-199
-187
-193
-208
-199
-187
-193
-193
-181
-169
-184
-193
-181
-169
-187
-208
-193
-184
-199
-213
-208
-190
-210
-219
-208
-193
-199
-199
-181
-155
-158
-167
-146
-123
-123
-123
-114
-96
-87
-82
-46
-17
-23
-32
-8
0
-17
-32
-14
-14
-41
-67
-52
-35
-43
-58
-55
-55
-76
-96
-70
-49
-55
-70
-61
-49
-49
-55
-43
-43
-58
-61
-41
-20
-20
-29
-11
-5
-8
-17
-2
5
-2
-2
2
14
0
-8
0
2
-11
-23
-5
8
-5
-23
-11
2
-11
-35
-32
-29
-41
-46
-35
-11
-17
-35
-23
-8
-17
-38
-35
-35
-41
-43
-20
-5
-17
-38
-29
-23
-43
-64
-46
-32
-35
-35
-8
8
-8
-35
-23
-14
-32
-46
-35
-23
-17
-11
8
38
35
23
26
32
11
-17
-20
-32
-61
-82
-67
-49
-70
-90
-73
-67
-84
-84
-73
-73
-117
-210
-193
-14
342
791
1019
890
583
205
8
0
-8
-61
-90
-114
-155
-181
-181
-178
-190
-184
-175
-172
-190
-202
-172
-164
-167
-175
-175
-169
-187
-202
-190
-175
-184
-199
-184
-155
-167
-181
-172
-158
-181
-190
-167
-172
-199
-210
-187
-184
-190
-196
-187
-172
-169
-152
-123
-114
-131
-131
-108
-87
-87
-93
-64
-38
-43
-46
-32
-14
-29
-41
-29
-23
-46
-67
-64
-49
-46
-67
-70
-67
-76
-93
-73
-58
-67
-87
-64
-43
-41
-43
-41
-35
-41
-35
-14
-8
-26
-29
5
23
20
5
8
8
-5
-17
5
23
2
-14
-8
5
-5
-26
-17
-14
-35
-41
-26
-8
-29
-43
-32
-26
-43
-52
-38
-14
-14
-23
-14
-17
-46
-58
-32
-11
-35
-49
-35
-8
-11
-17
-14
-14
-20
-52
-46
-38
-46
-58
-41
-23
-29
-29
-5
2
-17
-41
-23
-5
-5
2
14
26
26
29
29
29
8
-8
-5
-17
-52
-73
-67
-58
-67
-79
-73
-61
-70
-93
-87
-90
-137
-213
-199
-14
342
776
987
852
562
184
-11
-32
-41
-73
-96
-131
-181
-202
-187
-172
-190
-196
-184
-172
-175
-190
-184
-175
-187
-202
-190
-178
-196
-208
-184
-167
-175
-184
-169
-146
-164
-172
-164
-146
-155
-181
-181
-169
-187
-208
-190
-187
-193
-202
-184
-158
-155
-149
-117
-99
-105
-114
-96
-64
-58
-61
-35
-14
-29
-35
-26
-11
-26
-41
-38
-23
-29
-32
-23
-32
-55
-73
-64
-61
-70
-87
-70
-52
-58
-64
-58
-46
-61
-79
-64
-49
-61
-61
-29
5
8
-11
-8
5
-2
-17
-5
2
-2
-8
11
29
20
-2
5
11
5
-14
-8
-5
-17
-32
-26
-17
-26
-26
-5
2
-20
-41
-29
-32
-46
-61
-58
-41
-49
-64
-46
-32
-43
-52
-29
-5
-11
-29
-23
-23
-43
-64
-55
-43
-61
-67
-43
-29
-35
-41
-43
-32
-32
-29
-11
11
11
17
38
41
26
14
20
17
-29
-67
-70
-67
-82
-96
-84
-67
-79
-84
-70
-67
-90
-123
-172
-216
-155
117
565
955
975
735
451
140
2
-29
-35
-70
-125
-175
-190
-184
-196
-205
-187
-172
-169
-193
-190
-184
-190
-196
-175
-164
-172
-187
-187
-184
-196
-208
-184
-167
-178
-202
-187
-172
-181
-202
-193
-181
-187
-199
-193
-190
-202
-210
-190
-175
-184
-184
-155
-131
-131
-140
-120
-84
-73
-73
-55
-38
-41
-41
-14
-5
-17
-35
-17
2
-8
-20
-29
-32
-43
-61
-58
-41
-43
-67
-64
-41
-41
-58
-52
-43
-52
-64
-58
-49
-58
-70
-61
-38
-38
-38
-23
-14
-32
-32
-14
-2
-8
-14
2
11
0
-20
-11
2
-17
-35
-35
-26
-35
-38
-29
-14
-23
-32
-20
-17
-35
-52
-38
-17
-29
-58
-52
-41
-46
-58
-41
-32
-43
-49
**	25
-137	-247
-99	-180
-63	-114
-34	-55
-13	2
10	56
34	113
60	160
85	199
89	213
83	214
74	213
62	207
63	209
66	211
69	206
69	199
54	177
38	154
22	132
13	110
9	96
7	79
6	62
0	49
-6	35
-22	14
-45	-12
-62	-38
-75	-66
-82	-89
-86	-109
-97	-133
-116	-158
-144	-195
-168	-230
-187	-264
-198	-293
-199	-310
-204	-328
-220	-353
-241	-382
-257	-413
-265	-435
-262	-451
-256	-461
-255	-455
-255	-439
-254	-409
-240	-364
-200	-293
-158	-223
-115	-153
-82	-89
-70	-40
-54	11
-32	67
-4	127
24	171
42	199
54	217
59	224
59	225
57	225
57	220
56	213
55	202
49	180
38	161
24	139
12	120
1	102
-5	82
-11	64
-18	43
-17	34
-23	27
-28	15
-40	4
-50	-17
-55	-41
-60	-58
-61	-76
-72	-99
-91	-126
-113	-161
-131	-194
-135	-220
-137	-242
-136	-265
-143	-290
-173	-329
-201	-371
-225	-404
-238	-434
-225	-425
-209	-401
-193	-365
-179	-322
-157	-264
-130	-200
-98	-137
-62	-72
-40	-22
-23	25
-6	75
17	127
37	167
60	201
70	220
65	225
58	220
47	204
38	186
31	171
28	159
28	148
24	133
18	119
9	103
3	89
1	75
1	58
-5	36
-26	7
-47	-23
-68	-52
-80	-77
-81	-94
-85	-114
-92	-134
-106	-155
-126	-183
-149	-214
-169	-246
-186	-277
-196	-307
-206	-330
-216	-353
-235	-384
-263	-420
-283	-455
-296	-480
-294	-495
-276	-480
-258	-451
-244	-417
-234	-375
-218	-327
-179	-255
-132	-178
-83	-95
-48	-20
-34	39
-15	103
6	163
35	220
69	258
90	278
98	284
99	281
83	262
75	248
75	239
79	233
78	220
65	201
40	168
11	132
5	115
5	97
9	85
8	69
-12	34
-40	-3
-64	-32
-80	-56
-93	-79
-102	-99
-117	-129
-135	-158
-147	-181
-160	-204
-174	-230
-191	-259
-204	-287
-218	-317
-231	-344
-245	-377
-272	-418
-290	-455
-304	-484
-308	-500
-297	-497
-284	-472
-271	-434
-261	-388
-245	-332
-208	-255
-160	-174
-110	-92
-68	-15
-56	38
-56	80
-52	119
-40	155
-21	172
-4	181
3	181
-4	173
-17	158
-23	149
-23	143
-20	139
-16	130
-24	117
-41	95
-60	70
-76	52
-80	35
-80	24
-78	16
-80	3
-87	-7
-98	-18
-108	-32
-109	-40
-105	-51
-104	-68
-105	-88
-119	-116
-138	-147
-150	-171
-152	-189
-144	-200
-140	-218
-135	-237
-136	-264
-147	-295
-152	-324
-154	-344
-151	-347
-132	-336
-104	-291
-79	-242
-56	-191
-39	-135
-9	-74
25	-7
59	54
92	115
114	169
129	214
148	251
163	280
168	285
168	283
162	279
152	266
140	249
132	230
118	206
104	184
81	155
56	128
46	109
36	92
28	72
22	50
4	25
-13	-1
-25	-15
-37	-29
-45	-46
-52	-67
-65	-96
-80	-127
-96	-158
-114	-187
-129	-210
-155	-241
-176	-270
-190	-296
-199	-321
-198	-338
-207	-357
-225	-383
-245	-410
-254	-414
-244	-397
-220	-357
-191	-303
-170	-247
-156	-193
-135	-136
-105	-70
-62	5
-18	76
9	136
21	177
23	198
22	210
23	216
29	220
31	212
31	200
31	189
27	172
20	154
12	137
4	118
0	104
-9	84
-18	62
-25	44
-37	21
-55	-9
-73	-36
-88	-66
-95	-92
-91	-101
-99	-119
-120	-146
-147	-175
-170	-207
-178	-230
-178	-249
-178	-269
-186	-287
-212	-319
-236	-351
-251	-375
-257	-395
-250	-406
-247	-416
-245	-414
-241	-404
-219	-355
-178	-281
-127	-202
-78	-119
-32	-44
6	25
36	92
63	154
85	211
102	260
123	304
146	340
163	361
178	373
182	369
177	362
168	347
164	331
160	318
158	303
142	274
114	244
85	210
59	174
49	154
45	131
40	109
32	88
9	54
-12	25
-30	0
-41	-25
-49	-42
-62	-69
-79	-102
-99	-138
-128	-178
-152	-216
-175	-251
-195	-285
-208	-320
-227	-350
-247	-382
-265	-414
-285	-440
-280	-440
-263	-424
-237	-387
-204	-338
-185	-287
-169	-237
-153	-187
-129	-134
-89	-75
-53	-22
-29	23
-16	55
-20	68
-23	81
-17	94
-6	107
4	112
13	111
16	103
11	90
-2	71
-16	50
-23	34
-31	13
-34	-4
-37	-22
-46	-48
-59	-69
-68	-87
-82	-112
-91	-131
-93	-151
-95	-170
-105	-188
-123	-218
-147	-244
-170	-278
-184	-307
-194	-329
-201	-353
-210	-371
-235	-400
-261	-435
-278	-466
-292	-491
-288	-500
-284	-503
-285	-499
-291	-491
-285	-459
-264	-412
-230	-352
-183	-283
-142	-218
-112	-158
-87	-101
-67	-50
-40	6
-7	56
18	96
38	129
44	145
38	154
35	160
34	163
41	170
56	179
64	177
62	172
48	155
30	135
21	129
29	127
42	126
41	116
33	95
8	70
-18	44
-30	25
-38	8
-41	-5
-46	-20
-56	-38
-63	-55
-71	-75
-81	-94
-88	-118
-101	-147
-114	-173
-126	-197
-139	-218
-154	-237
-166	-255
-170	-267
-161	-255
-138	-221
-110	-176
-88	-125
-73	-73
-61	-28
-44	17
-23	67
15	123
50	178
82	224
108	266
105	276
103	279
101	283
99	282
107	284
98	276
84	259
67	240
52	221
53	206
53	192
47	172
